<?xml version="1.0" encoding="UTF-8"?>
<!-- Generated by org.testng.reporters.JUnitReportReporter -->
<testsuite hostname="Lenovo" failures="1" tests="5" name="AtosTest.RegisterNewUser" time="193.318" errors="0" timestamp="2021-06-05T20:39:43 EET" skipped="0">
  <testcase classname="AtosTest.RegisterNewUser" name="Register" time="38.783"/>
  <system-out>
    <![CDATA[TestCase # #003
clickSubmitButton(RegisterNewUserPageObject java:61)  <a href=file:/C:/Users/User/eclipse-workspace/AtosTest/resources/screenShots/Last-Run-On-2021_06_05/%23003%2006-05-2021_08.37.31.png target='_blank' >View ScreenShot </a><br>]]>
  </system-out>
  <testcase classname="AtosTest.RegisterNewUser" name="Register" time="37.043"/>
  <system-out>
    <![CDATA[TestCase # #005
clickSubmitButton(RegisterNewUserPageObject java:61)  <a href=file:/C:/Users/User/eclipse-workspace/AtosTest/resources/screenShots/Last-Run-On-2021_06_05/%23005%2006-05-2021_08.38.47.png target='_blank' >View ScreenShot </a><br>]]>
  </system-out>
  <testcase classname="AtosTest.RegisterNewUser" name="Register" time="41.226">
    <failure message="expected:&lt;false&gt; but was:&lt;true&gt;" type="java.lang.AssertionError">
      <![CDATA[java.lang.AssertionError: expected:<false> but was:<true>
at org.testng.AssertJUnit.fail(AssertJUnit.java:65)
at org.testng.AssertJUnit.failNotEquals(AssertJUnit.java:468)
at org.testng.AssertJUnit.assertEquals(AssertJUnit.java:88)
at org.testng.AssertJUnit.assertEquals(AssertJUnit.java:230)
at org.testng.AssertJUnit.assertEquals(AssertJUnit.java:240)
at AtosTest.RegisterNewUser.Register(RegisterNewUser.java:82)
at java.base/jdk.internal.reflect.NativeMethodAccessorImpl.invoke0(Native Method)
at java.base/jdk.internal.reflect.NativeMethodAccessorImpl.invoke(NativeMethodAccessorImpl.java:78)
at java.base/jdk.internal.reflect.DelegatingMethodAccessorImpl.invoke(DelegatingMethodAccessorImpl.java:43)
at java.base/java.lang.reflect.Method.invoke(Method.java:567)
at org.testng.internal.MethodInvocationHelper.invokeMethod(MethodInvocationHelper.java:133)
at org.testng.internal.TestInvoker.invokeMethod(TestInvoker.java:598)
at org.testng.internal.TestInvoker.invokeTestMethod(TestInvoker.java:173)
at org.testng.internal.MethodRunner.runInSequence(MethodRunner.java:46)
at org.testng.internal.TestInvoker$MethodInvocationAgent.invoke(TestInvoker.java:824)
at org.testng.internal.TestInvoker.invokeTestMethods(TestInvoker.java:146)
at org.testng.internal.TestMethodWorker.invokeTestMethods(TestMethodWorker.java:146)
at org.testng.internal.TestMethodWorker.run(TestMethodWorker.java:128)
at java.base/java.util.ArrayList.forEach(ArrayList.java:1511)
at org.testng.TestRunner.privateRun(TestRunner.java:794)
at org.testng.TestRunner.run(TestRunner.java:596)
at org.testng.SuiteRunner.runTest(SuiteRunner.java:377)
at org.testng.SuiteRunner.runSequentially(SuiteRunner.java:371)
at org.testng.SuiteRunner.privateRun(SuiteRunner.java:332)
at org.testng.SuiteRunner.run(SuiteRunner.java:276)
at org.testng.SuiteRunnerWorker.runSuite(SuiteRunnerWorker.java:53)
at org.testng.SuiteRunnerWorker.run(SuiteRunnerWorker.java:96)
at org.testng.TestNG.runSuitesSequentially(TestNG.java:1212)
at org.testng.TestNG.runSuitesLocally(TestNG.java:1134)
at org.testng.TestNG.runSuites(TestNG.java:1063)
at org.testng.TestNG.run(TestNG.java:1031)
at org.testng.remote.AbstractRemoteTestNG.run(AbstractRemoteTestNG.java:115)
at org.testng.remote.RemoteTestNG.initAndRun(RemoteTestNG.java:251)
at org.testng.remote.RemoteTestNG.main(RemoteTestNG.java:77)
]]>
    </failure>
  </testcase> <!-- Register -->
  <system-out>
    <![CDATA[TestCase # #001
clickSubmitButton(RegisterNewUserPageObject java:61)  <a href=file:/C:/Users/User/eclipse-workspace/AtosTest/resources/screenShots/Last-Run-On-2021_06_05/%23001%2006-05-2021_08.36.52.png target='_blank' >View ScreenShot </a><br>]]>
  </system-out>
  <testcase classname="AtosTest.RegisterNewUser" name="Register" time="40.673"/>
  <system-out>
    <![CDATA[TestCase # #010
clickSubmitButton(RegisterNewUserPageObject java:61)  <a href=file:/C:/Users/User/eclipse-workspace/AtosTest/resources/screenShots/Last-Run-On-2021_06_05/%23010%2006-05-2021_08.39.28.png target='_blank' >View ScreenShot </a><br>]]>
  </system-out>
  <testcase classname="AtosTest.RegisterNewUser" name="Register" time="35.593"/>
  <system-out>
    <![CDATA[TestCase # #004
clickSubmitButton(RegisterNewUserPageObject java:61)  <a href=file:/C:/Users/User/eclipse-workspace/AtosTest/resources/screenShots/Last-Run-On-2021_06_05/%23004%2006-05-2021_08.38.12.png target='_blank' >View ScreenShot </a><br>]]>
  </system-out>
</testsuite> <!-- AtosTest.RegisterNewUser -->
